SF:/Users/daniel/Dev/ripmatrix/packages/gherkart/lib/src/feature_parser.dart
DA:13,2
DA:24,2
DA:25,1
DA:26,2
DA:29,0
DA:31,0
DA:38,2
DA:47,2
DA:53,0
DA:54,0
DA:69,1
DA:77,1
DA:78,1
DA:79,2
DA:80,4
DA:81,2
DA:82,2
DA:85,1
DA:86,2
DA:87,3
DA:88,2
DA:91,3
DA:92,1
DA:93,2
DA:96,4
DA:97,4
DA:99,1
DA:100,1
DA:102,1
DA:103,1
DA:104,1
DA:106,1
DA:108,2
DA:110,3
DA:118,0
DA:120,0
DA:131,1
DA:140,0
DA:141,0
DA:143,0
DA:145,0
DA:153,2
DA:156,0
DA:157,0
DA:174,2
DA:181,2
DA:182,12
DA:185,0
DA:187,0
DA:189,0
DA:209,2
DA:215,0
DA:217,0
DA:228,2
DA:237,1
DA:238,9
DA:241,1
DA:248,1
DA:249,1
DA:250,1
DA:251,1
DA:252,1
DA:253,1
DA:256,0
DA:257,0
DA:264,1
DA:265,1
DA:268,1
DA:269,1
DA:271,1
DA:272,1
DA:276,1
DA:277,1
DA:278,1
DA:283,1
DA:285,1
DA:286,1
DA:287,1
DA:292,1
DA:293,1
DA:300,1
DA:303,1
DA:304,2
DA:305,1
DA:306,2
DA:307,1
DA:315,1
DA:316,1
DA:320,1
DA:321,2
DA:322,1
DA:323,2
DA:324,1
DA:325,1
DA:326,1
DA:334,1
DA:338,1
DA:339,1
DA:340,2
DA:341,1
DA:349,1
DA:350,1
DA:351,1
DA:355,1
DA:356,0
DA:357,0
DA:360,1
DA:361,1
DA:362,2
DA:369,1
DA:370,1
DA:371,2
DA:379,3
DA:380,1
DA:381,1
DA:383,1
DA:387,2
DA:388,1
DA:392,1
DA:397,2
DA:398,1
DA:400,1
DA:402,2
DA:404,1
DA:405,0
DA:410,1
DA:411,1
DA:412,1
DA:413,1
DA:417,1
DA:419,1
DA:421,1
DA:424,1
DA:425,1
DA:429,2
DA:430,1
DA:431,1
DA:434,1
DA:440,1
DA:444,1
DA:447,1
DA:450,1
DA:452,2
DA:453,3
DA:454,3
DA:455,1
DA:456,1
DA:461,1
DA:462,3
DA:463,1
DA:464,1
DA:471,1
DA:473,1
DA:479,1
DA:480,1
DA:482,1
DA:483,1
DA:484,1
DA:485,1
DA:486,1
DA:489,1
DA:490,0
DA:493,1
DA:496,3
DA:497,1
DA:498,1
DA:499,1
DA:500,1
DA:508,2
DA:510,1
DA:513,1
DA:514,3
DA:515,1
DA:516,1
DA:519,1
DA:524,1
DA:526,1
DA:527,1
DA:528,1
DA:529,1
DA:530,1
DA:533,1
DA:534,1
DA:537,3
DA:538,1
DA:539,1
DA:540,1
DA:548,1
DA:550,0
DA:551,1
DA:557,1
DA:558,1
DA:563,0
DA:564,0
DA:567,1
DA:568,1
DA:569,1
DA:570,1
DA:571,1
DA:574,1
DA:575,0
DA:578,1
DA:582,2
DA:591,1
DA:593,1
DA:594,3
DA:595,3
DA:596,1
DA:599,1
DA:600,1
DA:608,2
DA:609,2
DA:610,1
DA:611,1
DA:612,4
DA:613,1
DA:626,0
DA:630,0
DA:634,0
DA:635,0
DA:636,0
LF:221
LH:189
end_of_record
SF:/Users/daniel/Dev/ripmatrix/packages/gherkart/lib/src/bdd_output.dart
DA:22,10
DA:33,1
DA:40,1
DA:47,1
DA:54,2
DA:57,2
DA:60,2
DA:63,1
DA:64,1
DA:65,1
DA:66,2
DA:72,0
DA:73,0
DA:76,1
DA:77,1
DA:78,2
DA:83,1
DA:84,1
DA:85,2
DA:90,1
DA:92,1
DA:93,2
DA:98,0
DA:104,0
DA:105,0
DA:110,0
DA:115,0
DA:116,0
DA:122,0
LF:29
LH:20
end_of_record
SF:/Users/daniel/Dev/ripmatrix/packages/gherkart/lib/src/bdd_test_runner.dart
DA:30,10
DA:90,0
DA:151,0
DA:163,0
DA:173,0
DA:174,0
DA:199,0
DA:200,0
DA:202,0
DA:203,0
DA:205,0
DA:206,0
DA:212,0
DA:216,0
DA:217,0
DA:218,0
DA:219,0
DA:220,0
DA:223,0
DA:226,0
DA:227,0
DA:228,0
DA:230,0
DA:232,0
DA:233,0
DA:234,0
DA:235,0
DA:238,0
DA:241,0
DA:242,0
DA:243,0
DA:244,0
DA:248,0
DA:249,0
DA:250,0
DA:254,0
DA:255,0
DA:259,0
DA:260,0
DA:261,0
DA:264,0
DA:265,0
DA:269,0
DA:270,0
DA:275,0
DA:277,0
DA:279,0
DA:280,0
DA:281,0
DA:283,0
DA:284,0
DA:287,0
DA:288,0
DA:289,0
DA:290,0
DA:291,0
DA:294,0
DA:295,0
DA:296,0
DA:297,0
DA:298,0
DA:299,0
DA:304,0
DA:305,0
DA:309,0
DA:310,0
DA:314,0
DA:315,0
DA:321,0
DA:322,0
DA:329,0
DA:331,0
DA:332,0
DA:333,0
DA:336,0
DA:338,0
DA:339,0
DA:343,0
DA:344,0
DA:345,0
DA:346,0
DA:348,0
DA:349,0
DA:350,0
DA:354,0
DA:356,0
DA:357,0
DA:358,0
DA:362,0
DA:363,0
DA:365,0
DA:367,0
DA:386,0
DA:396,0
DA:405,0
LF:95
LH:1
end_of_record
SF:/Users/daniel/Dev/ripmatrix/packages/gherkart/lib/src/feature_source.dart
DA:83,3
DA:92,1
DA:99,2
DA:101,2
DA:102,4
DA:104,2
DA:106,3
DA:112,1
DA:113,2
DA:116,0
DA:119,2
DA:121,2
DA:123,2
DA:125,2
DA:126,1
DA:128,0
DA:132,4
DA:133,4
DA:134,4
DA:135,2
DA:136,1
DA:137,1
DA:138,6
DA:139,2
DA:140,2
DA:143,1
DA:144,2
DA:148,1
DA:149,1
DA:152,2
DA:158,1
DA:160,1
DA:161,2
DA:164,0
DA:166,0
DA:181,1
DA:183,0
DA:184,0
LF:38
LH:32
end_of_record
SF:/Users/daniel/Dev/ripmatrix/packages/gherkart/lib/src/feature_test_factory.dart
DA:30,1
DA:37,1
DA:38,2
DA:39,1
DA:41,1
DA:44,1
DA:45,4
DA:46,1
DA:49,1
DA:51,1
DA:53,2
DA:54,2
DA:55,1
DA:56,4
DA:60,5
DA:61,1
DA:65,1
DA:67,2
DA:68,1
DA:69,1
DA:71,1
DA:73,0
DA:76,3
DA:77,2
DA:84,1
DA:87,1
DA:88,3
DA:90,4
DA:91,1
DA:92,1
DA:93,1
DA:96,1
DA:98,1
DA:99,1
DA:101,3
DA:105,1
DA:106,2
DA:107,3
DA:108,2
DA:114,1
DA:115,1
DA:116,2
DA:117,1
DA:122,1
DA:124,1
DA:126,2
DA:127,1
DA:128,3
DA:129,5
DA:130,2
DA:131,1
DA:135,2
DA:136,2
DA:137,5
DA:138,2
DA:139,1
DA:149,1
DA:150,1
DA:151,1
DA:152,1
DA:154,2
DA:155,3
DA:156,1
DA:159,1
DA:167,1
DA:170,6
DA:180,1
DA:187,1
DA:188,8
DA:197,1
DA:208,0
DA:210,0
DA:211,0
DA:212,0
DA:213,0
LF:75
LH:69
end_of_record
SF:/Users/daniel/Dev/ripmatrix/packages/gherkart/lib/src/line_mapper.dart
DA:29,3
DA:31,3
DA:34,3
DA:35,3
DA:36,2
DA:37,2
DA:39,4
DA:40,1
DA:45,3
DA:46,3
DA:47,2
DA:48,4
DA:54,6
DA:56,3
DA:57,3
DA:60,3
DA:61,8
DA:62,4
DA:63,2
DA:64,2
DA:66,4
DA:72,2
DA:73,2
DA:74,2
DA:75,2
DA:76,1
DA:77,2
DA:78,2
LF:28
LH:28
end_of_record
SF:/Users/daniel/Dev/ripmatrix/packages/gherkart/lib/src/scheme_resolver.dart
DA:28,2
DA:48,2
DA:50,1
DA:52,7
DA:67,2
DA:72,6
DA:79,2
DA:80,4
DA:84,3
DA:89,2
DA:90,4
DA:94,1
DA:102,2
DA:103,2
DA:105,4
DA:107,2
DA:109,3
DA:113,2
DA:114,2
DA:123,1
DA:124,1
DA:125,2
DA:126,1
DA:127,2
DA:129,2
DA:130,1
DA:132,1
DA:147,0
DA:150,0
DA:159,0
DA:162,0
LF:31
LH:27
end_of_record
SF:/Users/daniel/Dev/ripmatrix/packages/gherkart/lib/src/step_registry.dart
DA:33,10
DA:41,0
DA:42,0
DA:48,3
DA:51,3
DA:54,2
DA:57,2
DA:60,1
DA:61,1
DA:62,1
DA:64,2
DA:68,1
DA:69,1
DA:70,1
DA:72,2
DA:86,2
DA:92,1
DA:99,2
DA:101,1
DA:102,1
DA:134,2
DA:137,2
DA:138,2
DA:139,4
DA:140,6
DA:146,2
DA:147,6
DA:153,2
DA:154,4
DA:155,4
DA:157,4
DA:164,3
DA:169,1
DA:170,1
DA:171,2
DA:172,2
DA:174,2
DA:175,2
DA:184,2
DA:186,2
DA:190,6
DA:191,4
DA:192,4
DA:193,2
DA:194,2
DA:198,4
DA:201,3
DA:202,2
DA:204,1
DA:209,2
DA:210,4
DA:211,4
DA:213,2
DA:215,2
DA:216,4
DA:217,2
DA:219,2
DA:220,2
DA:222,2
DA:230,2
LF:60
LH:58
end_of_record
SF:/Users/daniel/Dev/ripmatrix/packages/gherkart/lib/src/translation_scheme.dart
DA:48,1
DA:55,1
DA:61,0
DA:68,1
DA:69,1
DA:72,1
DA:74,2
DA:76,6
DA:79,1
DA:80,0
DA:92,1
DA:93,1
DA:94,1
DA:96,2
DA:98,3
DA:114,1
DA:115,2
DA:127,1
DA:128,2
LF:19
LH:17
end_of_record
SF:/Users/daniel/Dev/ripmatrix/packages/gherkart/lib/src/bdd_reporter.dart
DA:34,2
DA:40,0
DA:41,0
DA:52,2
DA:60,0
DA:62,0
DA:72,2
DA:79,0
DA:80,0
DA:91,10
DA:97,4
DA:102,4
DA:108,1
DA:112,0
DA:113,0
DA:121,10
DA:126,2
DA:130,4
DA:135,0
DA:139,0
DA:140,0
DA:147,10
DA:149,2
DA:153,1
DA:157,1
DA:161,0
DA:162,0
DA:204,1
DA:206,1
DA:207,3
DA:213,1
DA:215,1
DA:216,5
DA:221,1
DA:223,1
DA:224,3
DA:230,1
DA:232,1
DA:234,5
DA:239,1
DA:241,1
DA:242,5
DA:248,1
DA:250,1
DA:252,7
DA:259,1
DA:261,1
DA:263,3
DA:265,1
DA:267,3
DA:269,1
DA:271,3
DA:273,1
DA:275,3
DA:277,1
DA:278,3
DA:280,1
DA:282,3
DA:284,0
DA:294,1
DA:296,1
DA:298,1
DA:299,2
DA:300,4
DA:301,2
DA:302,4
DA:305,1
DA:314,1
DA:322,1
DA:329,0
DA:339,1
DA:341,1
DA:343,2
DA:344,3
DA:347,1
DA:349,2
DA:350,1
DA:353,1
DA:355,2
DA:356,4
DA:359,1
DA:361,2
DA:362,1
DA:365,0
DA:367,0
DA:370,1
DA:372,3
DA:374,0
DA:378,1
DA:380,4
DA:394,1
DA:404,6
DA:405,0
DA:407,1
DA:409,1
DA:410,5
DA:411,5
DA:412,4
DA:413,1
DA:429,1
DA:431,1
DA:433,2
DA:436,1
DA:441,0
DA:446,1
DA:448,1
DA:449,1
DA:450,2
DA:451,1
DA:452,2
DA:453,0
DA:454,0
DA:458,0
DA:463,0
DA:465,0
DA:466,0
DA:467,0
DA:468,0
DA:469,0
DA:470,0
DA:471,0
DA:475,1
DA:477,3
DA:478,1
DA:479,1
DA:480,1
DA:481,1
DA:482,1
DA:483,1
DA:484,1
DA:493,1
DA:495,1
DA:497,2
DA:498,1
DA:502,0
DA:504,0
DA:505,0
DA:509,0
DA:511,0
DA:512,0
DA:516,0
DA:518,0
DA:519,0
DA:523,0
DA:525,0
DA:526,0
DA:530,0
DA:532,0
DA:533,0
DA:537,1
DA:539,2
DA:540,1
LF:152
LH:106
end_of_record
SF:/Users/daniel/Dev/ripmatrix/packages/gherkart/lib/src/markdown_file_reporter.dart
DA:36,1
DA:40,2
DA:41,2
DA:42,1
DA:44,1
DA:47,1
DA:49,2
DA:50,3
DA:53,1
DA:55,2
DA:56,1
DA:57,1
DA:60,1
DA:62,2
DA:63,4
DA:66,1
DA:68,2
DA:69,1
DA:72,0
DA:77,1
DA:79,4
DA:82,1
DA:85,2
DA:86,1
DA:90,1
DA:93,1
DA:94,2
DA:95,1
DA:96,2
DA:99,2
DA:100,1
DA:101,1
DA:104,1
DA:107,4
DA:108,1
DA:111,3
DA:112,5
DA:113,1
DA:117,2
DA:118,1
DA:121,3
DA:124,1
DA:125,4
DA:126,1
DA:129,3
DA:130,5
DA:131,1
DA:135,2
DA:136,2
DA:137,1
DA:138,1
DA:139,0
DA:141,6
DA:143,1
DA:146,1
DA:148,1
DA:150,2
DA:151,2
DA:152,1
DA:153,4
DA:157,2
DA:158,3
DA:162,1
DA:165,1
DA:166,2
DA:167,2
DA:168,1
DA:169,0
DA:172,1
DA:173,1
DA:174,1
DA:176,2
DA:177,2
DA:178,1
DA:179,1
DA:180,0
DA:181,0
DA:183,4
DA:184,4
DA:187,3
DA:190,1
DA:191,2
DA:193,1
DA:194,1
DA:195,1
DA:202,2
DA:203,2
DA:204,1
DA:205,1
DA:206,1
DA:207,1
DA:208,0
DA:209,0
DA:210,0
DA:215,2
DA:216,1
DA:219,1
DA:220,5
DA:221,1
DA:222,1
DA:223,1
DA:225,1
DA:226,1
DA:227,2
DA:228,2
DA:231,3
DA:240,1
DA:248,1
DA:255,1
LF:109
LH:101
end_of_record
